# python3 utiles/compute_cmvn.py --dim 30 --wav_path ../DATA/data/train/cmvn/split_64 --config_file conf/train_asr_paraformer_conformer_12e_6d_2048_256.yaml --idx 46 
# Started at Shim Shin 16 11:46:55 -05 2023
#
This is waveform size
torch.Size([1, 91485])
This is waveform size
torch.Size([1, 69312])
This is waveform size
torch.Size([1, 83777])
This is waveform size
torch.Size([1, 19520])
This is waveform size
torch.Size([1, 29016])
This is waveform size
torch.Size([1, 19904])
This is waveform size
torch.Size([1, 43712])
This is waveform size
torch.Size([1, 72000])
This is waveform size
torch.Size([1, 68545])
This is waveform size
torch.Size([1, 66496])
This is waveform size
torch.Size([1, 68800])
This is waveform size
torch.Size([1, 78529])
This is waveform size
torch.Size([1, 68160])
This is waveform size
torch.Size([1, 42817])
This is waveform size
torch.Size([1, 76206])
This is waveform size
torch.Size([1, 29148])
This is waveform size
torch.Size([1, 40793])
This is waveform size
torch.Size([1, 53118])
This is waveform size
torch.Size([1, 18625])
This is waveform size
torch.Size([1, 44954])
This is waveform size
torch.Size([1, 86849])
This is waveform size
torch.Size([1, 56000])
This is waveform size
torch.Size([1, 34977])
This is waveform size
torch.Size([1, 46508])
This is waveform size
torch.Size([1, 49344])
This is waveform size
torch.Size([1, 183489])
This is waveform size
torch.Size([1, 15937])
This is waveform size
torch.Size([1, 71617])
This is waveform size
torch.Size([1, 17168])
This is waveform size
torch.Size([1, 37652])
This is waveform size
torch.Size([1, 96347])
This is waveform size
torch.Size([1, 40128])
This is waveform size
torch.Size([1, 28352])
This is waveform size
torch.Size([1, 68416])
This is waveform size
torch.Size([1, 43072])
This is waveform size
torch.Size([1, 72125])
This is waveform size
torch.Size([1, 39617])
This is waveform size
torch.Size([1, 46657])
This is waveform size
torch.Size([1, 47170])
This is waveform size
torch.Size([1, 53365])
This is waveform size
torch.Size([1, 174657])
This is waveform size
torch.Size([1, 124596])
This is waveform size
torch.Size([1, 68570])
This is waveform size
torch.Size([1, 88791])
This is waveform size
torch.Size([1, 29377])
This is waveform size
torch.Size([1, 33345])
This is waveform size
torch.Size([1, 36480])
This is waveform size
torch.Size([1, 116182])
This is waveform size
torch.Size([1, 27707])
This is waveform size
torch.Size([1, 62400])
This is waveform size
torch.Size([1, 52539])
This is waveform size
torch.Size([1, 87489])
This is waveform size
torch.Size([1, 50268])
This is waveform size
torch.Size([1, 78190])
This is waveform size
torch.Size([1, 39873])
This is waveform size
torch.Size([1, 71488])
This is waveform size
torch.Size([1, 58816])
This is waveform size
torch.Size([1, 81491])
This is waveform size
torch.Size([1, 47937])
This is waveform size
torch.Size([1, 48078])
This is waveform size
torch.Size([1, 98681])
This is waveform size
torch.Size([1, 49707])
This is waveform size
torch.Size([1, 85107])
This is waveform size
torch.Size([1, 53312])
This is waveform size
torch.Size([1, 87616])
This is waveform size
torch.Size([1, 115198])
This is waveform size
torch.Size([1, 92097])
This is waveform size
torch.Size([1, 41792])
This is waveform size
torch.Size([1, 26653])
This is waveform size
torch.Size([1, 38592])
This is waveform size
torch.Size([1, 63553])
This is waveform size
torch.Size([1, 84929])
This is waveform size
torch.Size([1, 106432])
This is waveform size
torch.Size([1, 85698])
This is waveform size
torch.Size([1, 57206])
This is waveform size
torch.Size([1, 85173])
This is waveform size
torch.Size([1, 70464])
This is waveform size
torch.Size([1, 93377])
This is waveform size
torch.Size([1, 49216])
This is waveform size
torch.Size([1, 132713])
This is waveform size
torch.Size([1, 15552])
This is waveform size
torch.Size([1, 86499])
This is waveform size
torch.Size([1, 96960])
This is waveform size
torch.Size([1, 80960])
This is waveform size
torch.Size([1, 125760])
This is waveform size
torch.Size([1, 134449])
This is waveform size
torch.Size([1, 71833])
This is waveform size
torch.Size([1, 38907])
This is waveform size
torch.Size([1, 108225])
This is waveform size
torch.Size([1, 58816])
This is waveform size
torch.Size([1, 81217])
This is waveform size
torch.Size([1, 19137])
This is waveform size
torch.Size([1, 53185])
This is waveform size
torch.Size([1, 65729])
This is waveform size
torch.Size([1, 34724])
This is waveform size
torch.Size([1, 159514])
This is waveform size
torch.Size([1, 65472])
This is waveform size
torch.Size([1, 25675])
This is waveform size
torch.Size([1, 86080])
This is waveform size
torch.Size([1, 258324])
This is waveform size
torch.Size([1, 41792])
This is waveform size
torch.Size([1, 82240])
This is waveform size
torch.Size([1, 105792])
This is waveform size
torch.Size([1, 69442])
This is waveform size
torch.Size([1, 108480])
This is waveform size
torch.Size([1, 97729])
This is waveform size
torch.Size([1, 67264])
This is waveform size
torch.Size([1, 36800])
This is waveform size
torch.Size([1, 84800])
This is waveform size
torch.Size([1, 63809])
This is waveform size
torch.Size([1, 46000])
This is waveform size
torch.Size([1, 25280])
This is waveform size
torch.Size([1, 53569])
This is waveform size
torch.Size([1, 60864])
This is waveform size
torch.Size([1, 26049])
This is waveform size
torch.Size([1, 64960])
This is waveform size
torch.Size([1, 28864])
This is waveform size
torch.Size([1, 82332])
This is waveform size
torch.Size([1, 60609])
This is waveform size
torch.Size([1, 153526])
This is waveform size
torch.Size([1, 94145])
This is waveform size
torch.Size([1, 105716])
This is waveform size
torch.Size([1, 51905])
This is waveform size
torch.Size([1, 68288])
This is waveform size
torch.Size([1, 19264])
This is waveform size
torch.Size([1, 55078])
This is waveform size
torch.Size([1, 58049])
This is waveform size
torch.Size([1, 76096])
This is waveform size
torch.Size([1, 64064])
This is waveform size
torch.Size([1, 90741])
This is waveform size
torch.Size([1, 30202])
This is waveform size
torch.Size([1, 24693])
This is waveform size
torch.Size([1, 85825])
This is waveform size
torch.Size([1, 32173])
This is waveform size
torch.Size([1, 20416])
This is waveform size
torch.Size([1, 92864])
This is waveform size
torch.Size([1, 85492])
This is waveform size
torch.Size([1, 71105])
This is waveform size
torch.Size([1, 22337])
This is waveform size
torch.Size([1, 50240])
This is waveform size
torch.Size([1, 94016])
This is waveform size
torch.Size([1, 62145])
This is waveform size
torch.Size([1, 105987])
This is waveform size
torch.Size([1, 74944])
This is waveform size
torch.Size([1, 59329])
This is waveform size
torch.Size([1, 148032])
This is waveform size
torch.Size([1, 22302])
This is waveform size
torch.Size([1, 27969])
This is waveform size
torch.Size([1, 103751])
This is waveform size
torch.Size([1, 89024])
This is waveform size
torch.Size([1, 89792])
This is waveform size
torch.Size([1, 70467])
This is waveform size
torch.Size([1, 101057])
This is waveform size
torch.Size([1, 24475])
This is waveform size
torch.Size([1, 42177])
# Accounting: time=285 threads=1
# Ended (code 0) at Shim Shin 16 11:51:40 -05 2023, elapsed time 285 seconds
